#
# A fatal error has been detected by the Java Runtime Environment:
#
#  SIGSEGV (0xb) at pc=0x00007f3bab102231, pid=20770, tid=20788
#
# JRE version: OpenJDK Runtime Environment (13.0.1+9) (build 13.0.1+9)
# Java VM: OpenJDK 64-Bit Server VM (13.0.1+9, mixed mode, sharing, tiered, compressed oops, g1 gc, linux-amd64)
# Problematic frame:
# C  [libjimage.so+0x4231]  ImageStrings::find(Endian*, char const*, int*, unsigned int)+0x71
#
# Core dump will be written. Default location: Core dumps may be processed with "/lib/systemd/systemd-coredump %P %u %g %s %t 9223372036854775808 %e" (or dumping to /home/hugodev/Programming/design-patterns/core.20770)
#
# If you would like to submit a bug report, please visit:
#   http://bugreport.java.com/bugreport/crash.jsp
#

---------------  S U M M A R Y ------------

Command Line: -agentlib:jdwp=transport=dt_socket,suspend=y,address=localhost:43723 -javaagent:/home/hugodev/.eclipse/org.eclipse.platform_4.14.0_1543616141_linux_gtk_x86_64/configuration/org.eclipse.osgi/405/0/.cp/lib/javaagent-shaded.jar -Dfile.encoding=UTF-8 --module-path=/home/hugodev/Documents/javafx-sdk-13.0.1/lib/javafx.base.jar:/home/hugodev/Documents/javafx-sdk-13.0.1/lib/javafx.controls.jar:/home/hugodev/Documents/javafx-sdk-13.0.1/lib/javafx.fxml.jar:/home/hugodev/Documents/javafx-sdk-13.0.1/lib/javafx.graphics.jar:/home/hugodev/Documents/javafx-sdk-13.0.1/lib/javafx.media.jar:/home/hugodev/Documents/javafx-sdk-13.0.1/lib/javafx.swing.jar:/home/hugodev/Documents/javafx-sdk-13.0.1/lib/javafx.web.jar:/home/hugodev/Documents/javafx-sdk-13.0.1/lib/javafx-swt.jar com.objectpool.objectpool01.Main

Host: Intel(R) Core(TM) i5-3340M CPU @ 2.70GHz, 4 cores, 7G, Linux Mint 19.2 Tina
Time: Thu Jan 16 14:36:42 2020 -05 elapsed time: 6 seconds (0d 0h 0m 6s)

---------------  T H R E A D  ---------------

Current thread (0x00007f3ba417f000):  JavaThread "Signal Dispatcher" daemon [_thread_in_vm, id=20788, stack(0x00007f3b80704000,0x00007f3b80805000)]

Stack: [0x00007f3b80704000,0x00007f3b80805000],  sp=0x00007f3b80802170,  free space=1016k
Native frames: (J=compiled Java code, A=aot compiled Java code, j=interpreted, Vv=VM code, C=native code)
C  [libjimage.so+0x4231]  ImageStrings::find(Endian*, char const*, int*, unsigned int)+0x71
C  [libjimage.so+0x4d7a]  ImageFileReader::find_location_index(char const*, unsigned long long*) const+0x3a
C  [libjimage.so+0x5291]  JIMAGE_FindResource+0xf1
V  [libjvm.so+0x58f0e3]